[debug] [2022-12-20T21:13:57.209Z] ----------------------------------------------------------------------
[debug] [2022-12-20T21:13:57.211Z] Command:       C:\Program Files\nodejs\node.exe C:\Users\Owner\AppData\Roaming\npm\node_modules\firebase-tools\lib\bin\firebase.js init
[debug] [2022-12-20T21:13:57.212Z] CLI Version:   11.19.0
[debug] [2022-12-20T21:13:57.212Z] Platform:      win32
[debug] [2022-12-20T21:13:57.212Z] Node Version:  v18.12.1
[debug] [2022-12-20T21:13:57.215Z] Time:          Tue Dec 20 2022 17:13:57 GMT-0400 (Atlantic Standard Time)
[debug] [2022-12-20T21:13:57.215Z] ----------------------------------------------------------------------
[debug] 
[debug] [2022-12-20T21:13:57.227Z] > command requires scopes: ["email","openid","https://www.googleapis.com/auth/cloudplatformprojects.readonly","https://www.googleapis.com/auth/firebase","https://www.googleapis.com/auth/cloud-platform"]
[debug] [2022-12-20T21:13:57.228Z] > authorizing via signed-in user (nahumcollicott@gmail.com)
[info] 
     ######## #### ########  ######## ########     ###     ######  ########
     ##        ##  ##     ## ##       ##     ##  ##   ##  ##       ##
     ######    ##  ########  ######   ########  #########  ######  ######
     ##        ##  ##    ##  ##       ##     ## ##     ##       ## ##
     ##       #### ##     ## ######## ########  ##     ##  ######  ########

You're about to initialize a Firebase project in this directory:

  C:\Sandbox\playroom\CV\dev-site

Before we get started, keep in mind:

  * You are currently outside your home directory

